@@@@@@@@@@@@@@@@@@@@@@@@@@@@@@@@@@@@@@@@@@@@@@@@@@@@@@@@@@@@@@@@@@@@@@@@@@@
@@@  STEP 10 This is automation for the last discovered GT 2 Day List!  @@@
The Current Bash version 4.1.2(1)-release...
                 Mon Mar 30 17:20:46 CDT 2020 
                 Running Function #:  TwoDayListing       
@@@@@@@@@@@@@@@@@@@@@@@@@@@@@@@@@@@@@@@@@@@@@@@@@@@@@@@@@@@@@@@@@@@@@@@@@@@
SCRIPT_PATH     =  /home/smarts/TjsMYSCRIPTS
MYLOG           =  /home/smarts/TjsMYSCRIPTS/LOGS/2DayListScript-20200330172046.log
MYtmpINPUT_1    =  /tmp/last_discovery_gt_2days_rpt_20200330*
MYTmpOUTPUT_1   =  /tmp/Dev_Chkr_2day_out1-20200330172046.log
MYTmpOUTPUT_2   =  
MYTmpOUTPUT_3   =  
MyCleanup_1     =  /tmp/Dev_Chkr_2day_out*
@@@@@@@@@@@@@@@@@@@@@@@@@@@@@@@@@@@@@@@@@@@@@@@@@@@@@@@@@@@@@@@@@@@@@@
=================================================
=== BEGINNING OUTPUT FOR THE 2 DAY LIST      === 
@@@ THE FOLLOWING DEVICES WERE FOUND IN THE  @@@@
@@@          CURRENT 2 DAY LISTING:          @@@@
=================================================
MC1.LND18
MC1.LND6
MC13.LND6
MC13.LND9
MC16.LND6
MC3.LND6
MC9.LND6
MC11.FFT3
ME4.FFT3
VR1.TOR2
CIMC-SR1.RES
VP1.BUF4
BH1.LAX11
=================================================


