@@@@@@@@@@@@@@@@@@@@@@@@@@@@@@@@@@@@@@@@@@@@@@@@@@@@@@@@@@@@@@@@@@@@@@@@@@@
@@@  STEP 10 This is automation for the last discovered GT 2 Day List!  @@@
The Current Bash version 4.1.2(1)-release...
                 Tue Mar 31 08:12:24 CDT 2020 
                 Running Function #:  TwoDayListing       
@@@@@@@@@@@@@@@@@@@@@@@@@@@@@@@@@@@@@@@@@@@@@@@@@@@@@@@@@@@@@@@@@@@@@@@@@@@
SCRIPT_PATH     =  /home/smarts/TjsMYSCRIPTS
MYLOG           =  /home/smarts/TjsMYSCRIPTS/LOGS/2DayListScript-20200331081223.log
MYtmpINPUT_1    =  /tmp/last_discovery_gt_2days_rpt_20200331*
MYTmpOUTPUT_1   =  /tmp/Dev_Chkr_2day_out1-20200331081223.log
MYTmpOUTPUT_2   =  /tmp/Dev_Chkr_2day_out2-20200331081223.log
MYTmpOUTPUT_3   =  /home/smarts/TjsMYSCRIPTS/LOGS/2DaySuspects-20200331081223.log
MyCleanup_1     =  /tmp/Dev_Chkr_2day_out*
@@@@@@@@@@@@@@@@@@@@@@@@@@@@@@@@@@@@@@@@@@@@@@@@@@@@@@@@@@@@@@@@@@@@@@
=================================================
=== BEGINNING OUTPUT FOR THE 2 DAY LIST      === 
@@@ THE FOLLOWING DEVICES WERE FOUND IN THE  @@@@
@@@          CURRENT 2 DAY LISTING:          @@@@
=================================================
=================================================


@@@@@@@@@@@@@@@@@@@@@@@@@@@@@@@@@@@@@@@@@@@@@@@@@@@@@
@@@@@@@@@@@     END OF AUTOMATION     @@@@@@@@@@@@@@@
@@@@@@@@@@@@@@@@@@@@@@@@@@@@@@@@@@@@@@@@@@@@@@@@@@@@@


