@@@@@@@@@@@@@@@@@@@@@@@@@@@@@@@@@@@@@@@@@@@@@@@@@@@@@@@@@@@@@@@@@@@@@@@@@@@
@@@  STEP 10 This is automation for the last discovered GT 2 Day List!  @@@
The Current Bash version 4.1.2(1)-release...
                 Fri Apr  3 14:17:42 CDT 2020 
                 Running Function #:  TwoDayListing       
@@@@@@@@@@@@@@@@@@@@@@@@@@@@@@@@@@@@@@@@@@@@@@@@@@@@@@@@@@@@@@@@@@@@@@@@@@@
SCRIPT_PATH     =  /home/smarts/TjsMYSCRIPTS
MYLOG           =  /home/smarts/TjsMYSCRIPTS/LOGS/2DayListScript-20200403141742.log
MYtmpINPUT_1    =  /tmp/last_discovery_gt_2days_rpt_20200403*
MYTmpOUTPUT_1   =  /tmp/Dev_Chkr_2day_out1-20200403141742.log
MYTmpOUTPUT_2   =  /tmp/Dev_Chkr_2day_out2-20200403141742.log
MYTmpOUTPUT_3   =  /home/smarts/TjsMYSCRIPTS/LOGS/2DaySuspects-20200403141742.log
MyCleanup_1     =  /tmp/Dev_Chkr_2day_out*
@@@@@@@@@@@@@@@@@@@@@@@@@@@@@@@@@@@@@@@@@@@@@@@@@@@@@@@@@@@@@@@@@@@@@@
=================================================
=== BEGINNING OUTPUT FOR THE 2 DAY LIST      === 
@@@ THE FOLLOWING DEVICES WERE FOUND IN THE  @@@@
@@@          CURRENT 2 DAY LISTING:          @@@@
=================================================
MC1.LND18
MC1.LND6
MC13.LND6
MC16.LND6
MC3.LND6
MC9.LND6
MC11.FFT3
ME4.FFT3
VR1.TOR2
CIMC-SR1.RES
VP1.BUF4
BH1.LAX11
ATC-CORE-RTR1
ATC-CORE-RTR2
=================================================

=================================================
=== BEGINNING OUTPUT FOR THE 2 DAY LIST      === 
CURRENT DEVICE BEING INTEROGATED = MC1.LND18 
=================================================
EXECUTING: sml -d  MC1.LND18 -v
=================================================
@@@@@@@@@@@@@@@@@@@@@@@@@@@@@@@@@@@@@@@@@@@@@@@@@@@@@
@@@  Active Alarms found for  MC1.LND18
@@@@@@@@@@@@@@@@@@@@@@@@@@@@@@@@@@@@@@@@@@@@@@@@@@@@@


 CURRENT SITE: VAL  ===================================================================================


 INVENTORY XML DATA  ==================================================================================

   XML Timestamp ................. : Sun Jun 23 22:36:03 2019
   LocationCode .................. : LND18
   Name .......................... : MC1.LND18
   Status ........................ : AVAILABLE
   Type .......................... : ROUTER
   Vendor ........................ : Cisco
   Model ......................... : 2511
   ManagementIPAddr .............. : 195.129.233.190
   DomainFlag .................... : VZB
   Region ........................ : Europe
   Device ........................ : MC1.LND18
   Configured to be in ........... : AMPM-VZB-DTM-1

 ORACLE :: VAL_TOPOLOGY_DEVICES  ======================================================================

   AMPM domain ................... : AMPM-VZB-DTM-1                                           (correct)
   TYPE .......................... : HOST
   SNMPADDRESS ................... : 195.129.233.190
   ACCESSMODE .................... : ICMPONLY
   CERTIFICATION ................. : UNDISCOVERED
   DISCOVEREDFIRSTAT ............. : 15-OCT-19
   DISCOVEREDLASTAT .............. : 25-MAR-20
   MANAGEDSTATE .................. : EXPLICITLY_MANAGED
   VENDOR ........................ : ''
   MODEL ......................... : ''
   NUMBEROFINTERFACES ............ : 1
   READCOMMUNITY ................. : ''
   SYSTEMOBJECTID ................ : ''
   DISCOVERYERRORINFO ............ : No response from Ping

 ORACLE :: PROXY CONNECTIONS  =========================================================================

   Proxy connections ............. : NONE FOUND

 ORACLE :: EQUIPMENT-LIST-LAST  =======================================================================

   Number of records ............. : 1                                                             (ok)
   NAME .......................... : MC1.LND18
   IP ............................ : 195.129.233.190
   LOCATION ...................... : LND18
   TID ........................... : MC1.LND18
   STATUS ........................ : AVAILABLE
   MODTIME ....................... : 23-JUN-2019 22:03

 ORACLE :: EXCEPTIONS  ================================================================================

   Number of records ............. : 0                                                             (ok)

 SMARTS DOMAIN :: AMPM-VZB-DTM-1  =====================================================================

   Server name ................... : dtm1eusosrv133.dtm.ops.eu.uu.net (213.68.123.56)
   IP Address .................... : 195.129.233.190                                               (ok)
   Certification ................. : UNDISCOVERED                                             (warning)
   Type .......................... : HOST
   CreationClassName ............. : Host
   AccessMode .................... : ICMPONLY
   ReadCommunity ................. : ''
   Vendor ........................ : ''
   Model ......................... : ''
   Location ...................... : ''
   IsManaged ..................... : TRUE
   IsProxy ....................... : FALSE
   IsDiscoveryInProgress ......... : FALSE
   IsEveryIPUnresponsive ......... : TRUE
   IsEveryIPv6Unresponsive ....... : TRUE
   IsEveryServiceUnresponsive .... : TRUE
   NumberOfInterfaces ............ : 1
   NumberOfPorts ................. : 0
   SystemObjectID ................ : ''
   DiscoveredFirstAt ............. : October 15, 2019 3:19:56 PM GMT+00:00
   DiscoveredLastAt .............. : March 25, 2020 3:52:31 PM GMT+00:00
   DiscoveryTime ................. : 0 00:00:20
   VZ_Alarms ..................... : 1
   VZ_DeviceFunction ............. : ''
   VZ_LocationCode ............... : ''
   VZ_Performance ................ : 0
   VZ_Region ..................... : ''
   VZ_TID ........................ : MC1.LND18
   DiscoveryError ................ : No response from Ping                                      (error)


 SMARTS VAL-SAM8-PRES DATA  ===========================================================================

   Exists in domains ............. : VAL-SAM8-AGG-VZB-INTL
                                   : RES-SAM8-AGG-VZB-INTL


   Active alarms ................. : ICS_Notification::NOTIFICATION-Host_MC1.LND18_Down

@@@@@@@@@@@@@@@@@@@@@@@@@@@@@@@@@@@@@@@@@@@@@@@@@@@@@
@@@  Active Alarms found for  MC1.LND18
@@@@@@@@@@@@@@@@@@@@@@@@@@@@@@@@@@@@@@@@@@@@@@@@@@@@@

=================================================
=== BEGINNING OUTPUT FOR THE 2 DAY LIST      === 
CURRENT DEVICE BEING INTEROGATED = MC1.LND6 
=================================================
EXECUTING: sml -d  MC1.LND6 -v
=================================================
@@@@@@@@@@@@@@@@@@@@@@@@@@@@@@@@@@@@@@@@@@@@@@@@@@@@@
@@@  Active Alarms found for  MC1.LND6
@@@@@@@@@@@@@@@@@@@@@@@@@@@@@@@@@@@@@@@@@@@@@@@@@@@@@


 CURRENT SITE: VAL  ===================================================================================


 INVENTORY XML DATA  ==================================================================================

   XML Timestamp ................. : Sun Jun 23 22:36:27 2019
   LocationCode .................. : LND6
   Name .......................... : MC1.LND6
   Status ........................ : AVAILABLE
   Type .......................... : ROUTER
   Vendor ........................ : Cisco
   Model ......................... : 2511
   ManagementIPAddr .............. : 195.129.233.129
   DomainFlag .................... : VZB
   Region ........................ : Europe
   Device ........................ : MC1.LND6
   Configured to be in ........... : AMPM-VZB-DTM-1

 ORACLE :: VAL_TOPOLOGY_DEVICES  ======================================================================

   AMPM domain ................... : AMPM-VZB-DTM-1                                           (correct)
   TYPE .......................... : HOST
   SNMPADDRESS ................... : 195.129.233.129
   ACCESSMODE .................... : ICMPONLY
   CERTIFICATION ................. : UNDISCOVERED
   DISCOVEREDFIRSTAT ............. : 15-OCT-19
   DISCOVEREDLASTAT .............. : 25-MAR-20
   MANAGEDSTATE .................. : EXPLICITLY_MANAGED
   VENDOR ........................ : ''
   MODEL ......................... : ''
   NUMBEROFINTERFACES ............ : 1
   READCOMMUNITY ................. : ''
   SYSTEMOBJECTID ................ : ''
   DISCOVERYERRORINFO ............ : No response from Ping

 ORACLE :: PROXY CONNECTIONS  =========================================================================

   Proxy connections ............. : NONE FOUND

 ORACLE :: EQUIPMENT-LIST-LAST  =======================================================================

   Number of records ............. : 1                                                             (ok)
   NAME .......................... : MC1.LND6
   IP ............................ : 195.129.233.129
   LOCATION ...................... : LND6
   TID ........................... : MC1.LND6
   STATUS ........................ : AVAILABLE
   MODTIME ....................... : 23-JUN-2019 22:03

 ORACLE :: EXCEPTIONS  ================================================================================

   Number of records ............. : 0                                                             (ok)

 SMARTS DOMAIN :: AMPM-VZB-DTM-1  =====================================================================

   Server name ................... : dtm1eusosrv133.dtm.ops.eu.uu.net (213.68.123.56)
   IP Address .................... : 195.129.233.129                                               (ok)
   Certification ................. : UNDISCOVERED                                             (warning)
   Type .......................... : HOST
   CreationClassName ............. : Host
   AccessMode .................... : ICMPONLY
   ReadCommunity ................. : ''
   Vendor ........................ : ''
   Model ......................... : ''
   Location ...................... : ''
   IsManaged ..................... : TRUE
   IsProxy ....................... : FALSE
   IsDiscoveryInProgress ......... : FALSE
   IsEveryIPUnresponsive ......... : TRUE
   IsEveryIPv6Unresponsive ....... : TRUE
   IsEveryServiceUnresponsive .... : TRUE
   NumberOfInterfaces ............ : 1
   NumberOfPorts ................. : 0
   SystemObjectID ................ : ''
   DiscoveredFirstAt ............. : October 15, 2019 3:19:56 PM GMT+00:00
   DiscoveredLastAt .............. : March 25, 2020 3:52:12 PM GMT+00:00
   DiscoveryTime ................. : 0 00:00:18
   VZ_Alarms ..................... : 1
   VZ_DeviceFunction ............. : ''
   VZ_LocationCode ............... : ''
   VZ_Performance ................ : 0
   VZ_Region ..................... : ''
   VZ_TID ........................ : MC1.LND6
   DiscoveryError ................ : No response from Ping                                      (error)


 SMARTS VAL-SAM8-PRES DATA  ===========================================================================

   Exists in domains ............. : VAL-SAM8-AGG-VZB-INTL
                                   : RES-SAM8-AGG-VZB-INTL


   Active alarms ................. : ICS_Notification::NOTIFICATION-Host_MC1.LND6_Down

@@@@@@@@@@@@@@@@@@@@@@@@@@@@@@@@@@@@@@@@@@@@@@@@@@@@@
@@@  Active Alarms found for  MC1.LND6
@@@@@@@@@@@@@@@@@@@@@@@@@@@@@@@@@@@@@@@@@@@@@@@@@@@@@

=================================================
=== BEGINNING OUTPUT FOR THE 2 DAY LIST      === 
CURRENT DEVICE BEING INTEROGATED = MC13.LND6 
=================================================
EXECUTING: sml -d  MC13.LND6 -v
=================================================
@@@@@@@@@@@@@@@@@@@@@@@@@@@@@@@@@@@@@@@@@@@@@@@@@@@@@
@@@  Active Alarms found for  MC13.LND6
@@@@@@@@@@@@@@@@@@@@@@@@@@@@@@@@@@@@@@@@@@@@@@@@@@@@@


 CURRENT SITE: VAL  ===================================================================================


 INVENTORY XML DATA  ==================================================================================

   XML Timestamp ................. : Sun Jun 23 22:36:27 2019
   LocationCode .................. : LND6
   Name .......................... : MC13.LND6
   Status ........................ : AVAILABLE
   Type .......................... : ROUTER
   Vendor ........................ : Cisco
   Model ......................... : 2511
   ManagementIPAddr .............. : 195.129.233.141
   DomainFlag .................... : VZB
   Region ........................ : Europe
   Device ........................ : MC13.LND6
   Configured to be in ........... : AMPM-VZB-DTM-1

 ORACLE :: VAL_TOPOLOGY_DEVICES  ======================================================================

   AMPM domain ................... : AMPM-VZB-DTM-1                                           (correct)
   TYPE .......................... : HOST
   SNMPADDRESS ................... : 195.129.233.141
   ACCESSMODE .................... : ICMPONLY
   CERTIFICATION ................. : UNDISCOVERED
   DISCOVEREDFIRSTAT ............. : 15-OCT-19
   DISCOVEREDLASTAT .............. : 25-MAR-20
   MANAGEDSTATE .................. : EXPLICITLY_MANAGED
   VENDOR ........................ : ''
   MODEL ......................... : ''
   NUMBEROFINTERFACES ............ : 1
   READCOMMUNITY ................. : ''
   SYSTEMOBJECTID ................ : ''
   DISCOVERYERRORINFO ............ : No response from Ping

 ORACLE :: PROXY CONNECTIONS  =========================================================================

   Proxy connections ............. : NONE FOUND

 ORACLE :: EQUIPMENT-LIST-LAST  =======================================================================

   Number of records ............. : 1                                                             (ok)
   NAME .......................... : MC13.LND6
   IP ............................ : 195.129.233.141
   LOCATION ...................... : LND6
   TID ........................... : MC13.LND6
   STATUS ........................ : AVAILABLE
   MODTIME ....................... : 23-JUN-2019 21:37

 ORACLE :: EXCEPTIONS  ================================================================================

   Number of records ............. : 0                                                             (ok)

 SMARTS DOMAIN :: AMPM-VZB-DTM-1  =====================================================================

   Server name ................... : dtm1eusosrv133.dtm.ops.eu.uu.net (213.68.123.56)
   IP Address .................... : 195.129.233.141                                               (ok)
   Certification ................. : UNDISCOVERED                                             (warning)
   Type .......................... : HOST
   CreationClassName ............. : Host
   AccessMode .................... : ICMPONLY
   ReadCommunity ................. : ''
   Vendor ........................ : ''
   Model ......................... : ''
   Location ...................... : ''
   IsManaged ..................... : TRUE
   IsProxy ....................... : FALSE
   IsDiscoveryInProgress ......... : FALSE
   IsEveryIPUnresponsive ......... : TRUE
   IsEveryIPv6Unresponsive ....... : TRUE
   IsEveryServiceUnresponsive .... : TRUE
   NumberOfInterfaces ............ : 1
   NumberOfPorts ................. : 0
   SystemObjectID ................ : ''
   DiscoveredFirstAt ............. : October 15, 2019 3:19:55 PM GMT+00:00
   DiscoveredLastAt .............. : March 25, 2020 3:52:24 PM GMT+00:00
   DiscoveryTime ................. : 0 00:00:19
   VZ_Alarms ..................... : 1
   VZ_DeviceFunction ............. : ''
   VZ_LocationCode ............... : ''
   VZ_Performance ................ : 0
   VZ_Region ..................... : ''
   VZ_TID ........................ : MC13.LND6
   DiscoveryError ................ : No response from Ping                                      (error)


 SMARTS VAL-SAM8-PRES DATA  ===========================================================================

   Exists in domains ............. : VAL-SAM8-AGG-VZB-INTL
                                   : RES-SAM8-AGG-VZB-INTL


   Active alarms ................. : ICS_Notification::NOTIFICATION-Host_MC13.LND6_Down

@@@@@@@@@@@@@@@@@@@@@@@@@@@@@@@@@@@@@@@@@@@@@@@@@@@@@
@@@  Active Alarms found for  MC13.LND6
@@@@@@@@@@@@@@@@@@@@@@@@@@@@@@@@@@@@@@@@@@@@@@@@@@@@@

=================================================
=== BEGINNING OUTPUT FOR THE 2 DAY LIST      === 
CURRENT DEVICE BEING INTEROGATED = MC16.LND6 
=================================================
EXECUTING: sml -d  MC16.LND6 -v
=================================================
@@@@@@@@@@@@@@@@@@@@@@@@@@@@@@@@@@@@@@@@@@@@@@@@@@@@@
@@@  Active Alarms found for  MC16.LND6
@@@@@@@@@@@@@@@@@@@@@@@@@@@@@@@@@@@@@@@@@@@@@@@@@@@@@


 CURRENT SITE: VAL  ===================================================================================


 INVENTORY XML DATA  ==================================================================================

   XML Timestamp ................. : Sun Jun 23 22:36:27 2019
   LocationCode .................. : LND6
   Name .......................... : MC16.LND6
   Status ........................ : AVAILABLE
   Type .......................... : ROUTER
   Vendor ........................ : Cisco
   Model ......................... : 2511
   ManagementIPAddr .............. : 195.129.233.144
   DomainFlag .................... : VZB
   Region ........................ : Europe
   Device ........................ : MC16.LND6
   Configured to be in ........... : AMPM-VZB-DTM-1

 ORACLE :: VAL_TOPOLOGY_DEVICES  ======================================================================

   AMPM domain ................... : AMPM-VZB-DTM-1                                           (correct)
   TYPE .......................... : HOST
   SNMPADDRESS ................... : 195.129.233.144
   ACCESSMODE .................... : ICMPONLY
   CERTIFICATION ................. : UNDISCOVERED
   DISCOVEREDFIRSTAT ............. : 15-OCT-19
   DISCOVEREDLASTAT .............. : 25-MAR-20
   MANAGEDSTATE .................. : EXPLICITLY_MANAGED
   VENDOR ........................ : ''
   MODEL ......................... : ''
   NUMBEROFINTERFACES ............ : 1
   READCOMMUNITY ................. : ''
   SYSTEMOBJECTID ................ : ''
   DISCOVERYERRORINFO ............ : No response from Ping

 ORACLE :: PROXY CONNECTIONS  =========================================================================

   Proxy connections ............. : NONE FOUND

 ORACLE :: EQUIPMENT-LIST-LAST  =======================================================================

   Number of records ............. : 1                                                             (ok)
   NAME .......................... : MC16.LND6
   IP ............................ : 195.129.233.144
   LOCATION ...................... : LND6
   TID ........................... : MC16.LND6
   STATUS ........................ : AVAILABLE
   MODTIME ....................... : 23-JUN-2019 22:03

 ORACLE :: EXCEPTIONS  ================================================================================

   Number of records ............. : 0                                                             (ok)

 SMARTS DOMAIN :: AMPM-VZB-DTM-1  =====================================================================

   Server name ................... : dtm1eusosrv133.dtm.ops.eu.uu.net (213.68.123.56)
   IP Address .................... : 195.129.233.144                                               (ok)
   Certification ................. : UNDISCOVERED                                             (warning)
   Type .......................... : HOST
   CreationClassName ............. : Host
   AccessMode .................... : ICMPONLY
   ReadCommunity ................. : ''
   Vendor ........................ : ''
   Model ......................... : ''
   Location ...................... : ''
   IsManaged ..................... : TRUE
   IsProxy ....................... : FALSE
   IsDiscoveryInProgress ......... : FALSE
   IsEveryIPUnresponsive ......... : TRUE
   IsEveryIPv6Unresponsive ....... : TRUE
   IsEveryServiceUnresponsive .... : TRUE
   NumberOfInterfaces ............ : 1
   NumberOfPorts ................. : 0
   SystemObjectID ................ : ''
   DiscoveredFirstAt ............. : October 15, 2019 3:19:55 PM GMT+00:00
   DiscoveredLastAt .............. : March 25, 2020 3:52:29 PM GMT+00:00
   DiscoveryTime ................. : 0 00:00:21
   VZ_Alarms ..................... : 1
   VZ_DeviceFunction ............. : ''
   VZ_LocationCode ............... : ''
   VZ_Performance ................ : 0
   VZ_Region ..................... : ''
   VZ_TID ........................ : MC16.LND6
   DiscoveryError ................ : No response from Ping                                      (error)


 SMARTS VAL-SAM8-PRES DATA  ===========================================================================

   Exists in domains ............. : VAL-SAM8-AGG-VZB-INTL
                                   : RES-SAM8-AGG-VZB-INTL


   Active alarms ................. : ICS_Notification::NOTIFICATION-Host_MC16.LND6_Down

@@@@@@@@@@@@@@@@@@@@@@@@@@@@@@@@@@@@@@@@@@@@@@@@@@@@@
@@@  Active Alarms found for  MC16.LND6
@@@@@@@@@@@@@@@@@@@@@@@@@@@@@@@@@@@@@@@@@@@@@@@@@@@@@

=================================================
=== BEGINNING OUTPUT FOR THE 2 DAY LIST      === 
CURRENT DEVICE BEING INTEROGATED = MC3.LND6 
=================================================
EXECUTING: sml -d  MC3.LND6 -v
=================================================
@@@@@@@@@@@@@@@@@@@@@@@@@@@@@@@@@@@@@@@@@@@@@@@@@@@@@
@@@  Active Alarms found for  MC3.LND6
@@@@@@@@@@@@@@@@@@@@@@@@@@@@@@@@@@@@@@@@@@@@@@@@@@@@@


 CURRENT SITE: VAL  ===================================================================================


 INVENTORY XML DATA  ==================================================================================

   XML Timestamp ................. : Sun Jun 23 22:36:28 2019
   LocationCode .................. : LND6
   Name .......................... : MC3.LND6
   Status ........................ : AVAILABLE
   Type .......................... : ROUTER
   Vendor ........................ : Cisco
   Model ......................... : 2511
   ManagementIPAddr .............. : 195.129.233.131
   DomainFlag .................... : VZB
   Region ........................ : Europe
   Device ........................ : MC3.LND6
   Configured to be in ........... : AMPM-VZB-DTM-1

 ORACLE :: VAL_TOPOLOGY_DEVICES  ======================================================================

   AMPM domain ................... : AMPM-VZB-DTM-1                                           (correct)
   TYPE .......................... : HOST
   SNMPADDRESS ................... : 195.129.233.131
   ACCESSMODE .................... : ICMPONLY
   CERTIFICATION ................. : UNDISCOVERED
   DISCOVEREDFIRSTAT ............. : 15-OCT-19
   DISCOVEREDLASTAT .............. : 25-MAR-20
   MANAGEDSTATE .................. : EXPLICITLY_MANAGED
   VENDOR ........................ : ''
   MODEL ......................... : ''
   NUMBEROFINTERFACES ............ : 1
   READCOMMUNITY ................. : ''
   SYSTEMOBJECTID ................ : ''
   DISCOVERYERRORINFO ............ : No response from Ping

 ORACLE :: PROXY CONNECTIONS  =========================================================================

   Proxy connections ............. : NONE FOUND

 ORACLE :: EQUIPMENT-LIST-LAST  =======================================================================

   Number of records ............. : 1                                                             (ok)
   NAME .......................... : MC3.LND6
   IP ............................ : 195.129.233.131
   LOCATION ...................... : LND6
   TID ........................... : MC3.LND6
   STATUS ........................ : AVAILABLE
   MODTIME ....................... : 23-JUN-2019 22:03

 ORACLE :: EXCEPTIONS  ================================================================================

   Number of records ............. : 0                                                             (ok)

 SMARTS DOMAIN :: AMPM-VZB-DTM-1  =====================================================================

   Server name ................... : dtm1eusosrv133.dtm.ops.eu.uu.net (213.68.123.56)
   IP Address .................... : 195.129.233.131                                               (ok)
   Certification ................. : UNDISCOVERED                                             (warning)
   Type .......................... : HOST
   CreationClassName ............. : Host
   AccessMode .................... : ICMPONLY
   ReadCommunity ................. : ''
   Vendor ........................ : ''
   Model ......................... : ''
   Location ...................... : ''
   IsManaged ..................... : TRUE
   IsProxy ....................... : FALSE
   IsDiscoveryInProgress ......... : FALSE
   IsEveryIPUnresponsive ......... : TRUE
   IsEveryIPv6Unresponsive ....... : TRUE
   IsEveryServiceUnresponsive .... : TRUE
   NumberOfInterfaces ............ : 1
   NumberOfPorts ................. : 0
   SystemObjectID ................ : ''
   DiscoveredFirstAt ............. : October 15, 2019 3:19:56 PM GMT+00:00
   DiscoveredLastAt .............. : March 25, 2020 3:52:12 PM GMT+00:00
   DiscoveryTime ................. : 0 00:00:18
   VZ_Alarms ..................... : 1
   VZ_DeviceFunction ............. : ''
   VZ_LocationCode ............... : ''
   VZ_Performance ................ : 0
   VZ_Region ..................... : ''
   VZ_TID ........................ : MC3.LND6
   DiscoveryError ................ : No response from Ping                                      (error)


 SMARTS VAL-SAM8-PRES DATA  ===========================================================================

   Exists in domains ............. : VAL-SAM8-AGG-VZB-INTL
                                   : RES-SAM8-AGG-VZB-INTL


   Active alarms ................. : ICS_Notification::NOTIFICATION-Host_MC3.LND6_Down

@@@@@@@@@@@@@@@@@@@@@@@@@@@@@@@@@@@@@@@@@@@@@@@@@@@@@
@@@  Active Alarms found for  MC3.LND6
@@@@@@@@@@@@@@@@@@@@@@@@@@@@@@@@@@@@@@@@@@@@@@@@@@@@@

=================================================
=== BEGINNING OUTPUT FOR THE 2 DAY LIST      === 
CURRENT DEVICE BEING INTEROGATED = MC9.LND6 
=================================================
EXECUTING: sml -d  MC9.LND6 -v
=================================================
@@@@@@@@@@@@@@@@@@@@@@@@@@@@@@@@@@@@@@@@@@@@@@@@@@@@@
@@@  Active Alarms found for  MC9.LND6
@@@@@@@@@@@@@@@@@@@@@@@@@@@@@@@@@@@@@@@@@@@@@@@@@@@@@


 CURRENT SITE: VAL  ===================================================================================


 INVENTORY XML DATA  ==================================================================================

   XML Timestamp ................. : Sun Jun 23 22:36:28 2019
   LocationCode .................. : LND6
   Name .......................... : MC9.LND6
   Status ........................ : AVAILABLE
   Type .......................... : ROUTER
   Vendor ........................ : Cisco
   Model ......................... : 2511
   ManagementIPAddr .............. : 195.129.233.137
   DomainFlag .................... : VZB
   Region ........................ : Europe
   Device ........................ : MC9.LND6
   Configured to be in ........... : AMPM-VZB-DTM-1

 ORACLE :: VAL_TOPOLOGY_DEVICES  ======================================================================

   AMPM domain ................... : AMPM-VZB-DTM-1                                           (correct)
   TYPE .......................... : HOST
   SNMPADDRESS ................... : 195.129.233.137
   ACCESSMODE .................... : ICMPONLY
   CERTIFICATION ................. : UNDISCOVERED
   DISCOVEREDFIRSTAT ............. : 15-OCT-19
   DISCOVEREDLASTAT .............. : 25-MAR-20
   MANAGEDSTATE .................. : EXPLICITLY_MANAGED
   VENDOR ........................ : ''
   MODEL ......................... : ''
   NUMBEROFINTERFACES ............ : 1
   READCOMMUNITY ................. : ''
   SYSTEMOBJECTID ................ : ''
   DISCOVERYERRORINFO ............ : No response from Ping

 ORACLE :: PROXY CONNECTIONS  =========================================================================

   Proxy connections ............. : NONE FOUND

 ORACLE :: EQUIPMENT-LIST-LAST  =======================================================================

   Number of records ............. : 1                                                             (ok)
   NAME .......................... : MC9.LND6
   IP ............................ : 195.129.233.137
   LOCATION ...................... : LND6
   TID ........................... : MC9.LND6
   STATUS ........................ : AVAILABLE
   MODTIME ....................... : 23-JUN-2019 22:03

 ORACLE :: EXCEPTIONS  ================================================================================

   Number of records ............. : 0                                                             (ok)

 SMARTS DOMAIN :: AMPM-VZB-DTM-1  =====================================================================

   Server name ................... : dtm1eusosrv133.dtm.ops.eu.uu.net (213.68.123.56)
   IP Address .................... : 195.129.233.137                                               (ok)
   Certification ................. : UNDISCOVERED                                             (warning)
   Type .......................... : HOST
   CreationClassName ............. : Host
   AccessMode .................... : ICMPONLY
   ReadCommunity ................. : ''
   Vendor ........................ : ''
   Model ......................... : ''
   Location ...................... : ''
   IsManaged ..................... : TRUE
   IsProxy ....................... : FALSE
   IsDiscoveryInProgress ......... : FALSE
   IsEveryIPUnresponsive ......... : TRUE
   IsEveryIPv6Unresponsive ....... : TRUE
   IsEveryServiceUnresponsive .... : TRUE
   NumberOfInterfaces ............ : 1
   NumberOfPorts ................. : 0
   SystemObjectID ................ : ''
   DiscoveredFirstAt ............. : October 15, 2019 3:19:57 PM GMT+00:00
   DiscoveredLastAt .............. : March 25, 2020 3:52:17 PM GMT+00:00
   DiscoveryTime ................. : 0 00:00:17
   VZ_Alarms ..................... : 1
   VZ_DeviceFunction ............. : ''
   VZ_LocationCode ............... : ''
   VZ_Performance ................ : 0
   VZ_Region ..................... : ''
   VZ_TID ........................ : MC9.LND6
   DiscoveryError ................ : No response from Ping                                      (error)


 SMARTS VAL-SAM8-PRES DATA  ===========================================================================

   Exists in domains ............. : VAL-SAM8-AGG-VZB-INTL
                                   : RES-SAM8-AGG-VZB-INTL


   Active alarms ................. : ICS_Notification::NOTIFICATION-Host_MC9.LND6_Down

@@@@@@@@@@@@@@@@@@@@@@@@@@@@@@@@@@@@@@@@@@@@@@@@@@@@@
@@@  Active Alarms found for  MC9.LND6
@@@@@@@@@@@@@@@@@@@@@@@@@@@@@@@@@@@@@@@@@@@@@@@@@@@@@

=================================================
=== BEGINNING OUTPUT FOR THE 2 DAY LIST      === 
CURRENT DEVICE BEING INTEROGATED = MC11.FFT3 
=================================================
EXECUTING: sml -d  MC11.FFT3 -v
=================================================
@@@@@@@@@@@@@@@@@@@@@@@@@@@@@@@@@@@@@@@@@@@@@@@@@@@@@
@@@  Active Alarms found for  MC11.FFT3
@@@@@@@@@@@@@@@@@@@@@@@@@@@@@@@@@@@@@@@@@@@@@@@@@@@@@


 CURRENT SITE: VAL  ===================================================================================


 INVENTORY XML DATA  ==================================================================================

   XML Timestamp ................. : Mon Jun 24 00:36:58 2019
   LocationCode .................. : FFT3
   Name .......................... : MC11.FFT3
   Status ........................ : AVAILABLE
   Type .......................... : ROUTER
   Vendor ........................ : Cisco
   Model ......................... : 3640
   ManagementIPAddr .............. : 195.129.192.153
   DomainFlag .................... : VZB
   Region ........................ : Europe
   Device ........................ : MC11.FFT3
   Configured to be in ........... : AMPM-VZB-DTM-5

 ORACLE :: VAL_TOPOLOGY_DEVICES  ======================================================================

   AMPM domain ................... : AMPM-VZB-DTM-5                                           (correct)
   TYPE .......................... : HOST
   SNMPADDRESS ................... : 195.129.192.153
   ACCESSMODE .................... : ICMPONLY
   CERTIFICATION ................. : UNDISCOVERED
   DISCOVEREDFIRSTAT ............. : 15-OCT-19
   DISCOVEREDLASTAT .............. : 03-MAR-20
   MANAGEDSTATE .................. : EXPLICITLY_MANAGED
   VENDOR ........................ : ''
   MODEL ......................... : ''
   NUMBEROFINTERFACES ............ : 1
   READCOMMUNITY ................. : ''
   SYSTEMOBJECTID ................ : ''
   DISCOVERYERRORINFO ............ : No response from Ping

 ORACLE :: PROXY CONNECTIONS  =========================================================================

   Proxy connections ............. : NONE FOUND

 ORACLE :: EQUIPMENT-LIST-LAST  =======================================================================

   Number of records ............. : 1                                                             (ok)
   NAME .......................... : MC11.FFT3
   IP ............................ : 195.129.192.153
   LOCATION ...................... : FFT3
   TID ........................... : MC11.FFT3
   STATUS ........................ : AVAILABLE
   MODTIME ....................... : 23-JUN-2019 23:55

 ORACLE :: EXCEPTIONS  ================================================================================

   Number of records ............. : 0                                                             (ok)

 SMARTS DOMAIN :: AMPM-VZB-DTM-5  =====================================================================

   Server name ................... : dtm1eusosrv133.dtm.ops.eu.uu.net (213.68.123.56)
   IP Address .................... : 195.129.192.153                                               (ok)
   Certification ................. : UNDISCOVERED                                             (warning)
   Type .......................... : HOST
   CreationClassName ............. : Host
   AccessMode .................... : ICMPONLY
   ReadCommunity ................. : ''
   Vendor ........................ : ''
   Model ......................... : ''
   Location ...................... : ''
   IsManaged ..................... : TRUE
   IsProxy ....................... : FALSE
   IsDiscoveryInProgress ......... : FALSE
   IsEveryIPUnresponsive ......... : TRUE
   IsEveryIPv6Unresponsive ....... : TRUE
   IsEveryServiceUnresponsive .... : TRUE
   NumberOfInterfaces ............ : 1
   NumberOfPorts ................. : 0
   SystemObjectID ................ : ''
   DiscoveredFirstAt ............. : October 15, 2019 3:20:29 PM GMT+00:00
   DiscoveredLastAt .............. : March 3, 2020 3:45:07 PM GMT+00:00
   DiscoveryTime ................. : 0 00:00:10
   VZ_Alarms ..................... : 1
   VZ_DeviceFunction ............. : ''
   VZ_LocationCode ............... : ''
   VZ_Performance ................ : 0
   VZ_Region ..................... : ''
   VZ_TID ........................ : MC11.FFT3
   DiscoveryError ................ : No response from Ping                                      (error)


 SMARTS VAL-SAM8-PRES DATA  ===========================================================================

   Exists in domains ............. : VAL-SAM8-AGG-VZB-INTL
                                   : RES-SAM8-AGG-VZB-INTL


   Active alarms ................. : ICS_Notification::NOTIFICATION-Host_MC11.FFT3_Down

@@@@@@@@@@@@@@@@@@@@@@@@@@@@@@@@@@@@@@@@@@@@@@@@@@@@@
@@@  Active Alarms found for  MC11.FFT3
@@@@@@@@@@@@@@@@@@@@@@@@@@@@@@@@@@@@@@@@@@@@@@@@@@@@@

=================================================
=== BEGINNING OUTPUT FOR THE 2 DAY LIST      === 
CURRENT DEVICE BEING INTEROGATED = ME4.FFT3 
=================================================
EXECUTING: sml -d  ME4.FFT3 -v
=================================================
@@@@@@@@@@@@@@@@@@@@@@@@@@@@@@@@@@@@@@@@@@@@@@@@@@@@@
@@@  Active Alarms found for  ME4.FFT3
@@@@@@@@@@@@@@@@@@@@@@@@@@@@@@@@@@@@@@@@@@@@@@@@@@@@@


 CURRENT SITE: VAL  ===================================================================================


 INVENTORY XML DATA  ==================================================================================

   XML Timestamp ................. : Mon Jun 24 00:36:59 2019
   LocationCode .................. : FFT3
   Name .......................... : ME4.FFT3
   Status ........................ : AVAILABLE
   Type .......................... : CATALYST
   Vendor ........................ : Cisco
   Model ......................... : 2900 XL-WS-C2924-XL
   ManagementIPAddr .............. : 195.129.201.58
   DomainFlag .................... : VZB
   Region ........................ : Europe
   Device ........................ : ME4.FFT3
   Configured to be in ........... : AMPM-VZB-DTM-5

 ORACLE :: VAL_TOPOLOGY_DEVICES  ======================================================================

   AMPM domain ................... : AMPM-VZB-DTM-5                                           (correct)
   TYPE .......................... : HOST
   SNMPADDRESS ................... : 195.129.201.58
   ACCESSMODE .................... : ICMPONLY
   CERTIFICATION ................. : UNDISCOVERED
   DISCOVEREDFIRSTAT ............. : 15-OCT-19
   DISCOVEREDLASTAT .............. : 03-MAR-20
   MANAGEDSTATE .................. : EXPLICITLY_MANAGED
   VENDOR ........................ : ''
   MODEL ......................... : ''
   NUMBEROFINTERFACES ............ : 1
   READCOMMUNITY ................. : ''
   SYSTEMOBJECTID ................ : ''
   DISCOVERYERRORINFO ............ : No response from Ping

 ORACLE :: PROXY CONNECTIONS  =========================================================================

   Proxy connections ............. : NONE FOUND

 ORACLE :: EQUIPMENT-LIST-LAST  =======================================================================

   Number of records ............. : 1                                                             (ok)
   NAME .......................... : ME4.FFT3
   IP ............................ : 195.129.201.58
   LOCATION ...................... : FFT3
   TID ........................... : ME4.FFT3
   STATUS ........................ : AVAILABLE
   MODTIME ....................... : 24-JUN-2019 00:17

 ORACLE :: EXCEPTIONS  ================================================================================

   Number of records ............. : 0                                                             (ok)

 SMARTS DOMAIN :: AMPM-VZB-DTM-5  =====================================================================

   Server name ................... : dtm1eusosrv133.dtm.ops.eu.uu.net (213.68.123.56)
   IP Address .................... : 195.129.201.58                                                (ok)
   Certification ................. : UNDISCOVERED                                             (warning)
   Type .......................... : HOST
   CreationClassName ............. : Host
   AccessMode .................... : ICMPONLY
   ReadCommunity ................. : ''
   Vendor ........................ : ''
   Model ......................... : ''
   Location ...................... : ''
   IsManaged ..................... : TRUE
   IsProxy ....................... : FALSE
   IsDiscoveryInProgress ......... : FALSE
   IsEveryIPUnresponsive ......... : TRUE
   IsEveryIPv6Unresponsive ....... : TRUE
   IsEveryServiceUnresponsive .... : TRUE
   NumberOfInterfaces ............ : 1
   NumberOfPorts ................. : 0
   SystemObjectID ................ : ''
   DiscoveredFirstAt ............. : October 15, 2019 3:20:33 PM GMT+00:00
   DiscoveredLastAt .............. : March 3, 2020 3:45:02 PM GMT+00:00
   DiscoveryTime ................. : 0 00:00:19
   VZ_Alarms ..................... : 1
   VZ_DeviceFunction ............. : ''
   VZ_LocationCode ............... : ''
   VZ_Performance ................ : 0
   VZ_Region ..................... : ''
   VZ_TID ........................ : ME4.FFT3
   DiscoveryError ................ : No response from Ping                                      (error)


 SMARTS VAL-SAM8-PRES DATA  ===========================================================================

   Exists in domains ............. : VAL-SAM8-AGG-VZB-INTL
                                   : RES-SAM8-AGG-VZB-INTL


   Active alarms ................. : ICS_Notification::NOTIFICATION-Host_ME4.FFT3_Down

@@@@@@@@@@@@@@@@@@@@@@@@@@@@@@@@@@@@@@@@@@@@@@@@@@@@@
@@@  Active Alarms found for  ME4.FFT3
@@@@@@@@@@@@@@@@@@@@@@@@@@@@@@@@@@@@@@@@@@@@@@@@@@@@@

=================================================
=== BEGINNING OUTPUT FOR THE 2 DAY LIST      === 
CURRENT DEVICE BEING INTEROGATED = VR1.TOR2 
=================================================
EXECUTING: sml -d  VR1.TOR2 -v
=================================================
@@@@@@@@@@@@@@@@@@@@@@@@@@@@@@@@@@@@@@@@@@@@@@@@@@@@@
@@@  Active Alarms found for  VR1.TOR2
@@@@@@@@@@@@@@@@@@@@@@@@@@@@@@@@@@@@@@@@@@@@@@@@@@@@@


 CURRENT SITE: VAL  ===================================================================================


 INVENTORY XML DATA  ==================================================================================

   XML Timestamp ................. : Sun Jun 23 22:35:31 2019
   LocationCode .................. : TOR2
   Name .......................... : VR1.TOR2
   Status ........................ : AVAILABLE
   Type .......................... : VIRTUAL ROUTER
   Vendor ........................ : Redback
   Model ......................... : SMS 1800
   ManagementIPAddr .............. : 153.38.159.232
   DomainFlag .................... : VZB
   Region ........................ : Canada East
   Device ........................ : VR1.TOR2
   Configured to be in ........... : AMPM-VZB-VAL-CANE-1

 ORACLE :: VAL_TOPOLOGY_DEVICES  ======================================================================

   AMPM domain ................... : AMPM-VZB-VAL-CANE-1                                      (correct)
   TYPE .......................... : ROUTER
   SNMPADDRESS ................... : 153.38.159.232
   ACCESSMODE .................... : ICMPSNMP
   CERTIFICATION ................. : CERTIFIED
   DISCOVEREDFIRSTAT ............. : 16-OCT-19
   DISCOVEREDLASTAT .............. : 08-MAR-20
   MANAGEDSTATE .................. : EXPLICITLY_MANAGED
   VENDOR ........................ : REDBACK
   MODEL ......................... : Networks AOS / SE 800
   NUMBEROFINTERFACES ............ : 42
   READCOMMUNITY ................. : Gr1usSr0
   SYSTEMOBJECTID ................ : .1.3.6.1.4.1.2352.1.3
   DISCOVERYERRORINFO ............ : No response from Ping

 ORACLE :: PROXY CONNECTIONS  =========================================================================

   Proxy connections ............. : NONE FOUND

 ORACLE :: EQUIPMENT-LIST-LAST  =======================================================================

   Number of records ............. : 1                                                             (ok)
   NAME .......................... : VR1.TOR2
   IP ............................ : 153.38.159.232
   LOCATION ...................... : TOR2
   TID ........................... : VR1.TOR2
   STATUS ........................ : AVAILABLE
   MODTIME ....................... : 23-JUN-2019 22:03

 ORACLE :: EXCEPTIONS  ================================================================================

   Number of records ............. : 0                                                             (ok)

 SMARTS DOMAIN :: AMPM-VZB-VAL-CANE-1  ================================================================

   Server name ................... : arlmnrvzb (162.47.144.11)
   IP Address .................... : 153.38.159.232                                                (ok)
   Certification ................. : CERTIFIED                                                     (ok)
   Type .......................... : ROUTER
   CreationClassName ............. : Router
   AccessMode .................... : ICMPSNMP
   ReadCommunity ................. : Gr1usSr0
   Vendor ........................ : REDBACK
   Model ......................... : Networks AOS / SE 800
   Location ...................... : TOR2
   IsManaged ..................... : TRUE
   IsProxy ....................... : FALSE
   IsDiscoveryInProgress ......... : FALSE
   IsEveryIPUnresponsive ......... : TRUE
   IsEveryIPv6Unresponsive ....... : TRUE
   IsEveryServiceUnresponsive .... : TRUE
   NumberOfInterfaces ............ : 42
   NumberOfPorts ................. : 0
   SystemObjectID ................ : .1.3.6.1.4.1.2352.1.3
   DiscoveredFirstAt ............. : October 16, 2019 11:25:49 AM CDT
   DiscoveredLastAt .............. : March 8, 2020 8:30:22 AM CDT
   DiscoveryTime ................. : 0 00:01:04
   VZ_Alarms ..................... : 1
   VZ_DeviceFunction ............. : DSL Router - Business
   VZ_LocationCode ............... : TOR
   VZ_Performance ................ : 1
   VZ_Region ..................... : AMERICA-CANE
   VZ_TID ........................ : VR1.TOR2
   DiscoveryError ................ : No response from Ping                                      (error)


 SMARTS VAL-SAM8-PRES DATA  ===========================================================================

   Exists in domains ............. : VAL-SAM8-AGG-VZB
                                   : AMPM-VZB-VAL-CANE-1                                      (primary)
                                   : RES-SAM8-AGG-VZB
                                   : AMPM-VZB-RES-CANE-1


   Active alarms ................. : ICS_Notification::NOTIFICATION-Router_VR1.TOR2_Unresponsive
                                   : ICS_Notification::NOTIFICATION-Router_VR1.TOR2_Down

@@@@@@@@@@@@@@@@@@@@@@@@@@@@@@@@@@@@@@@@@@@@@@@@@@@@@
@@@  Active Alarms found for  VR1.TOR2
@@@@@@@@@@@@@@@@@@@@@@@@@@@@@@@@@@@@@@@@@@@@@@@@@@@@@

=================================================
=== BEGINNING OUTPUT FOR THE 2 DAY LIST      === 
CURRENT DEVICE BEING INTEROGATED = CIMC-SR1.RES 
=================================================
EXECUTING: sml -d  CIMC-SR1.RES -v
=================================================
@@@@@@@@@@@@@@@@@@@@@@@@@@@@@@@@@@@@@@@@@@@@@@@@@@@@@
@@@@@@@@  NO Active alarms FOUND - SUSPECT    @@@@@@@
@@@  Active Alarms NOT found for  CIMC-SR1.RES
@@@@@@@@@@@@@@@@@@@@@@@@@@@@@@@@@@@@@@@@@@@@@@@@@@@@@


 CURRENT SITE: VAL  ===================================================================================


 INVENTORY XML DATA  ==================================================================================

   XML FILE ...................... : /data/VI/DQ/CIMC-SR1.RES.xml                           (not found)
   Device ........................ : CIMC-SR1.RES
   Configured to be in ........... : AMPM-VZB-VAL-VRR-1

 ORACLE :: VAL_TOPOLOGY_DEVICES  ======================================================================

   AMPM domain ................... : AMPM-VZB-VAL-USMA-2                                    (incorrect)
   TYPE .......................... : HOST
   SNMPADDRESS ................... : 146.170.6.132
   ACCESSMODE .................... : ICMPSNMP
   CERTIFICATION ................. : CERTIFIED
   DISCOVEREDFIRSTAT ............. : 18-MAR-20
   DISCOVEREDLASTAT .............. : 18-MAR-20
   MANAGEDSTATE .................. : EXPLICITLY_UNMANAGED
   VENDOR ........................ : CISCO
   MODEL ......................... : UCS C240
   NUMBEROFINTERFACES ............ : 0
   READCOMMUNITY ................. : Gr1usSr0
   SYSTEMOBJECTID ................ : .1.3.6.1.4.1.9.1.1683
   DISCOVERYERRORINFO ............ : Qualified access address not found

 ORACLE :: PROXY CONNECTIONS  =========================================================================

   Proxy connections ............. : NONE FOUND

 ORACLE :: EQUIPMENT-LIST-LAST  =======================================================================

   Number of records ............. : 0                                                             (ok)
   ELL Record .................... : NOT FOUND                                                (warning)

 ORACLE :: EXCEPTIONS  ================================================================================

   Number of records ............. : 1                                                             (ok)
   NAME .......................... : CIMC-SR1.RES
   IP ............................ : 146.170.6.132
   CLLI .......................... : ''
   STATUS ........................ : NOT AVAILABLE
   TREATMENT ..................... : ''
   NOTES ......................... : removed on Thu Nov  7 14:30:57 2019 by Marshall, Tamie. 

 SMARTS DOMAIN :: AMPM-VZB-VAL-USMA-2  ================================================================

   Server name ................... : arlmnrvzb (162.47.144.11)
   IP Address .................... : 146.170.6.132                                        (not_managed)
   Certification ................. : CERTIFIED                                                     (ok)
   Type .......................... : HOST
   CreationClassName ............. : Host
   AccessMode .................... : ICMPSNMP
   ReadCommunity ................. : Gr1usSr0
   Vendor ........................ : CISCO
   Model ......................... : UCS C240
   Location ...................... : RES
   IsManaged ..................... : FALSE
   IsProxy ....................... : FALSE
   IsDiscoveryInProgress ......... : FALSE
   IsEveryIPUnresponsive ......... : TRUE
   IsEveryIPv6Unresponsive ....... : TRUE
   IsEveryServiceUnresponsive .... : TRUE
   NumberOfInterfaces ............ : 0
   NumberOfPorts ................. : 0
   SystemObjectID ................ : .1.3.6.1.4.1.9.1.1683
   DiscoveredFirstAt ............. : March 18, 2020 3:52:44 PM CDT
   DiscoveredLastAt .............. : March 18, 2020 3:52:44 PM CDT
   DiscoveryTime ................. : 0 00:00:16
   VZ_Alarms ..................... : 1
   VZ_DeviceFunction ............. : ''
   VZ_LocationCode ............... : ''
   VZ_Performance ................ : 0
   VZ_Region ..................... : ''
   VZ_TID ........................ : ''
   DiscoveryError ................ : Qualified access address not found                         (error)

   Last mum records (max 10) ..... : 02-APR-20 15:02  id: 24907086  code: 106  size:        1,182 bytes
                                   : 02-APR-20 18:36  id: 24909761  code: 106  size:        1,182 bytes
                                   : 02-APR-20 19:01  id: 24910077  code: 106  size:        1,180 bytes
                                   : 02-APR-20 22:34  id: 24912866  code: 106  size:        1,181 bytes
                                   : 02-APR-20 22:55  id: 24913230  code: 106  size:        1,182 bytes
                                   : 03-APR-20 03:10  id: 24916586  code: 106  size:        1,181 bytes
                                   : 03-APR-20 07:04  id: 24919736  code: 106  size:        1,180 bytes
                                   : 03-APR-20 11:14  id: 24924393  code: 106  size:        1,181 bytes
                                   : 03-APR-20 11:35  id: 24924747  code: 106  size:        1,181 bytes
                                   : 03-APR-20 13:36  id: 24926774  code: 106  size:        1,182 bytes

 SMARTS VAL-SAM8-PRES DATA  ===========================================================================

   Exists in domains ............. : VAL-SAM8-AGG-VZB
                                   : AMPM-VZB-VAL-USMA-2                                      (primary)



@@@@@@@@@@@@@@@@@@@@@@@@@@@@@@@@@@@@@@@@@@@@@@@@@@@@@
@@@@@@@@  NO Active alarms FOUND - SUSPECT    @@@@@@@
@@@  Active Alarms NOT found for  CIMC-SR1.RES
@@@@@@@@@@@@@@@@@@@@@@@@@@@@@@@@@@@@@@@@@@@@@@@@@@@@@

=================================================
=== BEGINNING OUTPUT FOR THE 2 DAY LIST      === 
CURRENT DEVICE BEING INTEROGATED = VP1.BUF4 
=================================================
EXECUTING: sml -d  VP1.BUF4 -v
=================================================
@@@@@@@@@@@@@@@@@@@@@@@@@@@@@@@@@@@@@@@@@@@@@@@@@@@@@
@@@  Active Alarms found for  VP1.BUF4
@@@@@@@@@@@@@@@@@@@@@@@@@@@@@@@@@@@@@@@@@@@@@@@@@@@@@


 CURRENT SITE: VAL  ===================================================================================


 INVENTORY XML DATA  ==================================================================================

   XML Timestamp ................. : Sun Mar 19 15:42:25 2017
   LocationCode .................. : BUF4
   Name .......................... : VP1.BUF4
   Status ........................ : AVAILABLE
   Type .......................... : VIRTUAL ROUTER
   Vendor ........................ : Cisco
   Model ......................... : 1000vCSR
   ManagementIPAddr .............. : 152.63.14.22
   DomainFlag .................... : VZB
   Region ........................ : North East USA
   Device ........................ : VP1.BUF4
   Configured to be in ........... : AMPM-VZB-VAL-USNE-1

 ORACLE :: VAL_TOPOLOGY_DEVICES  ======================================================================

   AMPM domain ................... : AMPM-VZB-VAL-USNE-1                                      (correct)
   TYPE .......................... : ROUTER
   SNMPADDRESS ................... : 152.63.14.22
   ACCESSMODE .................... : ICMPSNMP
   CERTIFICATION ................. : CERTIFIED
   DISCOVEREDFIRSTAT ............. : 16-OCT-19
   DISCOVEREDLASTAT .............. : 05-MAR-20
   MANAGEDSTATE .................. : EXPLICITLY_MANAGED
   VENDOR ........................ : CISCO
   MODEL ......................... : CSR1000v
   NUMBEROFINTERFACES ............ : 5
   READCOMMUNITY ................. : Gr1usSr0
   SYSTEMOBJECTID ................ : .1.3.6.1.4.1.9.1.1537
   DISCOVERYERRORINFO ............ : No response from Ping

 ORACLE :: PROXY CONNECTIONS  =========================================================================

   Proxy connections ............. : NONE FOUND

 ORACLE :: EQUIPMENT-LIST-LAST  =======================================================================

   Number of records ............. : 1                                                             (ok)
   NAME .......................... : VP1.BUF4
   IP ............................ : 152.63.14.22
   LOCATION ...................... : BUF4
   TID ........................... : VP1.BUF4
   STATUS ........................ : AVAILABLE
   MODTIME ....................... : 24-AUG-2017 13:45

 ORACLE :: EXCEPTIONS  ================================================================================

   Number of records ............. : 0                                                             (ok)

 SMARTS DOMAIN :: AMPM-VZB-VAL-USNE-1  ================================================================

   Server name ................... : arlmnrvzb (162.47.144.11)
   IP Address .................... : 152.63.14.22                                                  (ok)
   Certification ................. : CERTIFIED                                                     (ok)
   Type .......................... : ROUTER
   CreationClassName ............. : Router
   AccessMode .................... : ICMPSNMP
   ReadCommunity ................. : Gr1usSr0
   Vendor ........................ : CISCO
   Model ......................... : CSR1000v
   Location ...................... : ''
   IsManaged ..................... : TRUE
   IsProxy ....................... : FALSE
   IsDiscoveryInProgress ......... : FALSE
   IsEveryIPUnresponsive ......... : TRUE
   IsEveryIPv6Unresponsive ....... : TRUE
   IsEveryServiceUnresponsive .... : TRUE
   NumberOfInterfaces ............ : 5
   NumberOfPorts ................. : 0
   SystemObjectID ................ : .1.3.6.1.4.1.9.1.1537
   DiscoveredFirstAt ............. : October 16, 2019 11:51:16 AM CDT
   DiscoveredLastAt .............. : March 5, 2020 9:33:05 PM CST
   DiscoveryTime ................. : 0 00:00:41
   VZ_Alarms ..................... : 1
   VZ_DeviceFunction ............. : ''
   VZ_LocationCode ............... : BUF
   VZ_Performance ................ : 1
   VZ_Region ..................... : AMERICA-USNE
   VZ_TID ........................ : VP1.BUF4
   DiscoveryError ................ : No response from Ping                                      (error)


 SMARTS VAL-SAM8-PRES DATA  ===========================================================================

   Exists in domains ............. : VAL-SAM8-AGG-VZB
                                   : AMPM-VZB-VAL-USNE-1                                      (primary)
                                   : RES-SAM8-AGG-VZB
                                   : AMPM-VZB-RES-USNE-1

   Hosts services ................ : MPLSService::MPLS-VP1.BUF4
                                   : VRF::VRF-ge-3/0/9.GW1.BUF4/VP1.BUF4

   Active alarms ................. : ICS_Notification::NOTIFICATION-Router_VP1.BUF4_Unresponsive
                                   : ICS_Notification::NOTIFICATION-Router_VP1.BUF4_Down

@@@@@@@@@@@@@@@@@@@@@@@@@@@@@@@@@@@@@@@@@@@@@@@@@@@@@
@@@  Active Alarms found for  VP1.BUF4
@@@@@@@@@@@@@@@@@@@@@@@@@@@@@@@@@@@@@@@@@@@@@@@@@@@@@

=================================================
=== BEGINNING OUTPUT FOR THE 2 DAY LIST      === 
CURRENT DEVICE BEING INTEROGATED = BH1.LAX11 
=================================================
EXECUTING: sml -d  BH1.LAX11 -v
=================================================
@@@@@@@@@@@@@@@@@@@@@@@@@@@@@@@@@@@@@@@@@@@@@@@@@@@@@
@@@  Active Alarms found for  BH1.LAX11
@@@@@@@@@@@@@@@@@@@@@@@@@@@@@@@@@@@@@@@@@@@@@@@@@@@@@


 CURRENT SITE: VAL  ===================================================================================


 INVENTORY XML DATA  ==================================================================================

   XML Timestamp ................. : Mon Dec 10 10:31:31 2018
   LocationCode .................. : LAX11
   Name .......................... : BH1.LAX11
   Status ........................ : AVAILABLE
   Type .......................... : VIRTUAL ROUTER
   Vendor ........................ : Juniper
   Model ......................... : vRR
   ManagementIPAddr .............. : 137.39.4.75
   DomainFlag .................... : VZB
   Region ........................ : South West USA
   Device ........................ : BH1.LAX11
   Configured to be in ........... : AMPM-VZB-VAL-USSW-1

 ORACLE :: VAL_TOPOLOGY_DEVICES  ======================================================================

   AMPM domain ................... : AMPM-VZB-VAL-USSW-1                                      (correct)
   TYPE .......................... : ROUTER
   SNMPADDRESS ................... : 137.39.4.75
   ACCESSMODE .................... : ICMPSNMP
   CERTIFICATION ................. : CERTIFIED
   DISCOVEREDFIRSTAT ............. : 04-MAR-20
   DISCOVEREDLASTAT .............. : 04-MAR-20
   MANAGEDSTATE .................. : EXPLICITLY_MANAGED
   VENDOR ........................ : JUNIPER
   MODEL ......................... : VRR Internet Router
   NUMBEROFINTERFACES ............ : 12
   READCOMMUNITY ................. : Gr1usSr0
   SYSTEMOBJECTID ................ : .1.3.6.1.4.1.2636.1.1.1.2.110
   DISCOVERYERRORINFO ............ : No response from Ping

 ORACLE :: PROXY CONNECTIONS  =========================================================================

   Proxy connections ............. : NONE FOUND

 ORACLE :: EQUIPMENT-LIST-LAST  =======================================================================

   Number of records ............. : 1                                                             (ok)
   NAME .......................... : BH1.LAX11
   IP ............................ : 137.39.4.75
   LOCATION ...................... : LAX11
   TID ........................... : BH1.LAX11
   STATUS ........................ : AVAILABLE
   MODTIME ....................... : 10-DEC-2018 10:04

 ORACLE :: EXCEPTIONS  ================================================================================

   Number of records ............. : 0                                                             (ok)

 SMARTS DOMAIN :: AMPM-VZB-VAL-USSW-1  ================================================================

   Server name ................... : arlmnrvzb (162.47.144.11)
   IP Address .................... : 137.39.4.75                                                   (ok)
   Certification ................. : CERTIFIED                                                     (ok)
   Type .......................... : ROUTER
   CreationClassName ............. : Router
   AccessMode .................... : ICMPSNMP
   ReadCommunity ................. : Gr1usSr0
   Vendor ........................ : JUNIPER
   Model ......................... : VRR Internet Router
   Location ...................... : ''
   IsManaged ..................... : TRUE
   IsProxy ....................... : FALSE
   IsDiscoveryInProgress ......... : FALSE
   IsEveryIPUnresponsive ......... : TRUE
   IsEveryIPv6Unresponsive ....... : TRUE
   IsEveryServiceUnresponsive .... : TRUE
   NumberOfInterfaces ............ : 12
   NumberOfPorts ................. : 0
   SystemObjectID ................ : .1.3.6.1.4.1.2636.1.1.1.2.110
   DiscoveredFirstAt ............. : March 4, 2020 3:19:46 AM CST
   DiscoveredLastAt .............. : March 4, 2020 3:19:46 AM CST
   DiscoveryTime ................. : 0 00:00:41
   VZ_Alarms ..................... : 1
   VZ_DeviceFunction ............. : Backbone Router
   VZ_LocationCode ............... : LAX
   VZ_Performance ................ : 1
   VZ_Region ..................... : AMERICA-USSW
   VZ_TID ........................ : BH1.LAX11
   DiscoveryError ................ : No response from Ping                                      (error)


 SMARTS VAL-SAM8-PRES DATA  ===========================================================================

   Exists in domains ............. : VAL-SAM8-AGG-VZB
                                   : AMPM-VZB-VAL-USSW-1                                      (primary)

   Hosts services ................ : BGPService::BGP-SVC-BH1.LAX11
                                   : MPLSService::MPLS-BH1.LAX11
                                   : ISISService::ISIS-SVC-BH1.LAX11

   Active alarms ................. : ICS_Notification::NOTIFICATION-Router_BH1.LAX11_Unresponsive
                                   : ICS_Notification::NOTIFICATION-Router_BH1.LAX11_Down

@@@@@@@@@@@@@@@@@@@@@@@@@@@@@@@@@@@@@@@@@@@@@@@@@@@@@
@@@  Active Alarms found for  BH1.LAX11
@@@@@@@@@@@@@@@@@@@@@@@@@@@@@@@@@@@@@@@@@@@@@@@@@@@@@

=================================================
=== BEGINNING OUTPUT FOR THE 2 DAY LIST      === 
CURRENT DEVICE BEING INTEROGATED = ATC-CORE-RTR1 
=================================================
EXECUTING: sml -d  ATC-CORE-RTR1 -v
=================================================
@@@@@@@@@@@@@@@@@@@@@@@@@@@@@@@@@@@@@@@@@@@@@@@@@@@@@
@@@@@@@@  NO Active alarms FOUND - SUSPECT    @@@@@@@
@@@  Active Alarms NOT found for  ATC-CORE-RTR1
@@@@@@@@@@@@@@@@@@@@@@@@@@@@@@@@@@@@@@@@@@@@@@@@@@@@@


 CURRENT SITE: VAL  ===================================================================================


 INVENTORY XML DATA  ==================================================================================

   XML Timestamp ................. : Thu Apr  2 07:31:52 2020
   LocationCode .................. : PLEANJ
   Name .......................... : ATC-CORE-RTR1
   Status ........................ : IN_SERVICE
   Type .......................... : ROUTER
   Vendor ........................ : JUNIPER
   Model ......................... : JUNIPER M40E
   ManagementIPAddr .............. : 192.168.67.53
   TID ........................... : PSVLNJPL1CR
   DomainFlag .................... : VZT
   Device ........................ : ATC-CORE-RTR1
   Configured to be in ........... : AMPM-VZT-VAL-NJ-1

 ORACLE :: VAL_TOPOLOGY_DEVICES  ======================================================================

   WARNING: Device is not found in database

 ORACLE :: PROXY CONNECTIONS  =========================================================================

   Proxy connections ............. : NONE FOUND

 ORACLE :: EQUIPMENT-LIST-LAST  =======================================================================

   Number of records ............. : 1                                                             (ok)
   NAME .......................... : ATC-CORE-RTR1
   IP ............................ : 192.168.67.53
   LOCATION ...................... : PLEANJ
   TID ........................... : PSVLNJPL1CR
   STATUS ........................ : IN_SERVICE
   MODTIME ....................... : 02-APR-2020 07:16

 ORACLE :: EXCEPTIONS  ================================================================================

   Number of records ............. : 1                                                             (ok)
   NAME .......................... : ATC-CORE-RTR1
   IP ............................ : 10.15.67.53
   CLLI .......................... : ''
   STATUS ........................ : NOT AVAILABLE
   TREATMENT ..................... : ''
   NOTES ......................... : removed on Fri Apr  3 11:52:18 2020 by Marshall, Tamie. 

 SMARTS DOMAIN :: AMPM-VZT-VAL-NJ-1  ==================================================================

   Server name ................... : arlmnrvzt (162.47.144.2)
   WARNING: Device is not in SMARTS domain.

 SMARTS VAL-SAM8-PRES DATA  ===========================================================================

   Exists in domains ............. : RES-SAM8-AGG-VZB
                                   : VAL-SAM8-AGG-VZT
                                   : AMPM-VZT-VAL-NJ-1



@@@@@@@@@@@@@@@@@@@@@@@@@@@@@@@@@@@@@@@@@@@@@@@@@@@@@
@@@@@@@@  NO Active alarms FOUND - SUSPECT    @@@@@@@
@@@  Active Alarms NOT found for  ATC-CORE-RTR1
@@@@@@@@@@@@@@@@@@@@@@@@@@@@@@@@@@@@@@@@@@@@@@@@@@@@@

=================================================
=== BEGINNING OUTPUT FOR THE 2 DAY LIST      === 
CURRENT DEVICE BEING INTEROGATED = ATC-CORE-RTR2 
=================================================
EXECUTING: sml -d  ATC-CORE-RTR2 -v
=================================================
@@@@@@@@@@@@@@@@@@@@@@@@@@@@@@@@@@@@@@@@@@@@@@@@@@@@@
@@@@@@@@  NO Active alarms FOUND - SUSPECT    @@@@@@@
@@@  Active Alarms NOT found for  ATC-CORE-RTR2
@@@@@@@@@@@@@@@@@@@@@@@@@@@@@@@@@@@@@@@@@@@@@@@@@@@@@


 CURRENT SITE: VAL  ===================================================================================


 INVENTORY XML DATA  ==================================================================================

   XML Timestamp ................. : Thu Apr  2 07:31:53 2020
   LocationCode .................. : PLEANJ
   Name .......................... : ATC-CORE-RTR2
   Status ........................ : IN_SERVICE
   Type .......................... : ROUTER
   Vendor ........................ : JUNIPER
   Model ......................... : JUNIPER M40E
   ManagementIPAddr .............. : 192.168.67.54
   TID ........................... : PSVLNJPL2CR
   DomainFlag .................... : VZT
   Device ........................ : ATC-CORE-RTR2
   Configured to be in ........... : AMPM-VZT-VAL-NJ-1

 ORACLE :: VAL_TOPOLOGY_DEVICES  ======================================================================

   WARNING: Device is not found in database

 ORACLE :: PROXY CONNECTIONS  =========================================================================

   Proxy connections ............. : NONE FOUND

 ORACLE :: EQUIPMENT-LIST-LAST  =======================================================================

   Number of records ............. : 1                                                             (ok)
   NAME .......................... : ATC-CORE-RTR2
   IP ............................ : 192.168.67.54
   LOCATION ...................... : PLEANJ
   TID ........................... : PSVLNJPL2CR
   STATUS ........................ : IN_SERVICE
   MODTIME ....................... : 02-APR-2020 07:16

 ORACLE :: EXCEPTIONS  ================================================================================

   Number of records ............. : 1                                                             (ok)
   NAME .......................... : ATC-CORE-RTR2
   IP ............................ : 10.15.67.54
   CLLI .......................... : ''
   STATUS ........................ : NOT AVAILABLE
   TREATMENT ..................... : ''
   NOTES ......................... : removed on Fri Apr  3 11:52:07 2020 by Marshall, Tamie. 

 SMARTS DOMAIN :: AMPM-VZT-VAL-NJ-1  ==================================================================

   Server name ................... : arlmnrvzt (162.47.144.2)
   WARNING: Device is not in SMARTS domain.

 SMARTS VAL-SAM8-PRES DATA  ===========================================================================

   Exists in domains ............. : VAL-SAM8-AGG-VZT
                                   : AMPM-VZT-VAL-NJ-1



@@@@@@@@@@@@@@@@@@@@@@@@@@@@@@@@@@@@@@@@@@@@@@@@@@@@@
@@@@@@@@  NO Active alarms FOUND - SUSPECT    @@@@@@@
@@@  Active Alarms NOT found for  ATC-CORE-RTR2
@@@@@@@@@@@@@@@@@@@@@@@@@@@@@@@@@@@@@@@@@@@@@@@@@@@@@

@@@@@@@@@@@@@@@@@@@@@@@@@@@@@@@@@@@@@@@@@@@@@@@@@@@@@
@@@@@@@@@@@     END OF AUTOMATION     @@@@@@@@@@@@@@@
@@@@@@@@@@@@@@@@@@@@@@@@@@@@@@@@@@@@@@@@@@@@@@@@@@@@@


