@@@@@@@@@@@@@@@@@@@@@@@@@@@@@@@@@@@@@@@@@@@@@@@@@@@@@@@@@@@@@@@@@@@@@@
                       Fri Mar 20 12:19:36 EDT 2020 
Bash version 4.1.2(1)-release...

STAGE 1: STEP 10 This is just a simple banner to place in the log File!

                 Running Function #:  SNMPgetLoop_2       

@@@@@@@@@@@@@@@@@@@@@@@@@@@@@@@@@@@@@@@@@@@@@@@@@@@@@@@@@@@@@@@@@@@@@@

SCRIPT_PATH =  /home/smarts/TjsMYSCRIPTS
MYLOG   =      /home/smarts/TjsMYSCRIPTS/LOGS/SNMPgetScript-20200320121936.log
MYtmpLOG    =  /tmp/TempScript-20200320121936.log
My_ARL_DOMS =  /home/smarts/TjsMYSCRIPTS/INPUTS/ARL_DOM_INPUT
My_RES_DOMS =  /home/smarts/TjsMYSCRIPTS/INPUTS/RES_DOM_INPUT
My_Known_Comm_Strgs =  /home/smarts/TjsMYSCRIPTS/INPUTS/TestCommStrgs

@@@@@@@@@@@@@@@@@@@@@@@@@@@@@@@@@@@@@@@@@@@@@@@@@@@@@@@@@@@@@@@@@@@@@@
===============================================
You have entered an IP address parameter
The current CIPAdd =  153.39.123.38
===============================================


=================================================
=== BEGINNING TEST OF KNOWN COMMUNITY STRINGS === 
=================================================


Community String = Qw1LtM0n
   TESTING snmpget -v 2c -c   Qw1LtM0n 153.39.123.38
Missing object name
USAGE: snmpget [OPTIONS] AGENT OID [OID]...

  Version:  5.5
  Web:      http://www.net-snmp.org/
  Email:    net-snmp-coders@lists.sourceforge.net

OPTIONS:
  -h, --help		display this help message
  -H			display configuration file directives understood
  -v 1|2c|3		specifies SNMP version to use
  -V, --version		display package version number
SNMP Version 1 or 2c specific
  -c COMMUNITY		set the community string
SNMP Version 3 specific
  -a PROTOCOL		set authentication protocol (MD5|SHA)
  -A PASSPHRASE		set authentication protocol pass phrase
  -e ENGINE-ID		set security engine ID (e.g. 800000020109840301)
  -E ENGINE-ID		set context engine ID (e.g. 800000020109840301)
  -l LEVEL		set security level (noAuthNoPriv|authNoPriv|authPriv)
  -n CONTEXT		set context name (e.g. bridge1)
  -u USER-NAME		set security name (e.g. bert)
  -x PROTOCOL		set privacy protocol (DES|AES)
  -X PASSPHRASE		set privacy protocol pass phrase
  -Z BOOTS,TIME		set destination engine boots/time
General communication options
  -r RETRIES		set the number of retries
  -t TIMEOUT		set the request timeout (in seconds)
Debugging
  -d			dump input/output packets in hexadecimal
  -D TOKEN[,...]	turn on debugging output for the specified TOKENs
			   (ALL gives extremely verbose debugging output)
General options
  -m MIB[:...]		load given list of MIBs (ALL loads everything)
  -M DIR[:...]		look in given list of directories for MIBs
  -P MIBOPTS		Toggle various defaults controlling MIB parsing:
			  u:  allow the use of underlines in MIB symbols
			  c:  disallow the use of "--" to terminate comments
			  d:  save the DESCRIPTIONs of the MIB objects
			  e:  disable errors when MIB symbols conflict
			  w:  enable warnings when MIB symbols conflict
			  W:  enable detailed warnings when MIB symbols conflict
			  R:  replace MIB symbols from latest module
  -O OUTOPTS		Toggle various defaults controlling output display:
			  0:  print leading 0 for single-digit hex characters
			  a:  print all strings in ascii format
			  b:  do not break OID indexes down
			  e:  print enums numerically
			  E:  escape quotes in string indices
			  f:  print full OIDs on output
			  n:  print OIDs numerically
			  q:  quick print for easier parsing
			  Q:  quick print with equal-signs
			  s:  print only last symbolic element of OID
			  S:  print MIB module-id plus last element
			  t:  print timeticks unparsed as numeric integers
			  T:  print human-readable text along with hex strings
			  u:  print OIDs using UCD-style prefix suppression
			  U:  don't print units
			  v:  print values only (not OID = value)
			  x:  print all strings in hex format
			  X:  extended index format
  -I INOPTS		Toggle various defaults controlling input parsing:
			  b:  do best/regex matching to find a MIB node
			  h:  don't apply DISPLAY-HINTs
			  r:  do not check values for range/type legality
			  R:  do random access to OID labels
			  u:  top-level OIDs must have '.' prefix (UCD-style)
			  s SUFFIX:  Append all textual OIDs with SUFFIX before parsing
			  S PREFIX:  Prepend all textual OIDs with PREFIX before parsing
  -L LOGOPTS		Toggle various defaults controlling logging:
			  e:           log to standard error
			  o:           log to standard output
			  n:           don't log at all
			  f file:      log to the specified file
			  s facility:  log to syslog (via the specified facility)

			  (variants)
			  [EON] pri:   log to standard error, output or /dev/null for level 'pri' and above
			  [EON] p1-p2: log to standard error, output or /dev/null for levels 'p1' to 'p2'
			  [FS] pri token:    log to file/syslog for level 'pri' and above
			  [FS] p1-p2 token:  log to file/syslog for levels 'p1' to 'p2'
  -C APPOPTS		Set various application specific behaviours:
			  f:  do not fix errors and retry the request
===============================================
You have entered an IP address parameter
The current CIPAdd =  153.39.123.38
===============================================


=================================================
=== BEGINNING TEST OF KNOWN COMMUNITY STRINGS === 
=================================================


Community String = SNMPneCNMP
   TESTING snmpget -v 2c -c   SNMPneCNMP 153.39.123.38
Missing object name
USAGE: snmpget [OPTIONS] AGENT OID [OID]...

  Version:  5.5
  Web:      http://www.net-snmp.org/
  Email:    net-snmp-coders@lists.sourceforge.net

OPTIONS:
  -h, --help		display this help message
  -H			display configuration file directives understood
  -v 1|2c|3		specifies SNMP version to use
  -V, --version		display package version number
SNMP Version 1 or 2c specific
  -c COMMUNITY		set the community string
SNMP Version 3 specific
  -a PROTOCOL		set authentication protocol (MD5|SHA)
  -A PASSPHRASE		set authentication protocol pass phrase
  -e ENGINE-ID		set security engine ID (e.g. 800000020109840301)
  -E ENGINE-ID		set context engine ID (e.g. 800000020109840301)
  -l LEVEL		set security level (noAuthNoPriv|authNoPriv|authPriv)
  -n CONTEXT		set context name (e.g. bridge1)
  -u USER-NAME		set security name (e.g. bert)
  -x PROTOCOL		set privacy protocol (DES|AES)
  -X PASSPHRASE		set privacy protocol pass phrase
  -Z BOOTS,TIME		set destination engine boots/time
General communication options
  -r RETRIES		set the number of retries
  -t TIMEOUT		set the request timeout (in seconds)
Debugging
  -d			dump input/output packets in hexadecimal
  -D TOKEN[,...]	turn on debugging output for the specified TOKENs
			   (ALL gives extremely verbose debugging output)
General options
  -m MIB[:...]		load given list of MIBs (ALL loads everything)
  -M DIR[:...]		look in given list of directories for MIBs
  -P MIBOPTS		Toggle various defaults controlling MIB parsing:
			  u:  allow the use of underlines in MIB symbols
			  c:  disallow the use of "--" to terminate comments
			  d:  save the DESCRIPTIONs of the MIB objects
			  e:  disable errors when MIB symbols conflict
			  w:  enable warnings when MIB symbols conflict
			  W:  enable detailed warnings when MIB symbols conflict
			  R:  replace MIB symbols from latest module
  -O OUTOPTS		Toggle various defaults controlling output display:
			  0:  print leading 0 for single-digit hex characters
			  a:  print all strings in ascii format
			  b:  do not break OID indexes down
			  e:  print enums numerically
			  E:  escape quotes in string indices
			  f:  print full OIDs on output
			  n:  print OIDs numerically
			  q:  quick print for easier parsing
			  Q:  quick print with equal-signs
			  s:  print only last symbolic element of OID
			  S:  print MIB module-id plus last element
			  t:  print timeticks unparsed as numeric integers
			  T:  print human-readable text along with hex strings
			  u:  print OIDs using UCD-style prefix suppression
			  U:  don't print units
			  v:  print values only (not OID = value)
			  x:  print all strings in hex format
			  X:  extended index format
  -I INOPTS		Toggle various defaults controlling input parsing:
			  b:  do best/regex matching to find a MIB node
			  h:  don't apply DISPLAY-HINTs
			  r:  do not check values for range/type legality
			  R:  do random access to OID labels
			  u:  top-level OIDs must have '.' prefix (UCD-style)
			  s SUFFIX:  Append all textual OIDs with SUFFIX before parsing
			  S PREFIX:  Prepend all textual OIDs with PREFIX before parsing
  -L LOGOPTS		Toggle various defaults controlling logging:
			  e:           log to standard error
			  o:           log to standard output
			  n:           don't log at all
			  f file:      log to the specified file
			  s facility:  log to syslog (via the specified facility)

			  (variants)
			  [EON] pri:   log to standard error, output or /dev/null for level 'pri' and above
			  [EON] p1-p2: log to standard error, output or /dev/null for levels 'p1' to 'p2'
			  [FS] pri token:    log to file/syslog for level 'pri' and above
			  [FS] p1-p2 token:  log to file/syslog for levels 'p1' to 'p2'
  -C APPOPTS		Set various application specific behaviours:
			  f:  do not fix errors and retry the request
===============================================
You have entered an IP address parameter
The current CIPAdd =  153.39.123.38
===============================================


=================================================
=== BEGINNING TEST OF KNOWN COMMUNITY STRINGS === 
=================================================


Community String = 3clip535t4t5
   TESTING snmpget -v 2c -c   3clip535t4t5 153.39.123.38
Missing object name
USAGE: snmpget [OPTIONS] AGENT OID [OID]...

  Version:  5.5
  Web:      http://www.net-snmp.org/
  Email:    net-snmp-coders@lists.sourceforge.net

OPTIONS:
  -h, --help		display this help message
  -H			display configuration file directives understood
  -v 1|2c|3		specifies SNMP version to use
  -V, --version		display package version number
SNMP Version 1 or 2c specific
  -c COMMUNITY		set the community string
SNMP Version 3 specific
  -a PROTOCOL		set authentication protocol (MD5|SHA)
  -A PASSPHRASE		set authentication protocol pass phrase
  -e ENGINE-ID		set security engine ID (e.g. 800000020109840301)
  -E ENGINE-ID		set context engine ID (e.g. 800000020109840301)
  -l LEVEL		set security level (noAuthNoPriv|authNoPriv|authPriv)
  -n CONTEXT		set context name (e.g. bridge1)
  -u USER-NAME		set security name (e.g. bert)
  -x PROTOCOL		set privacy protocol (DES|AES)
  -X PASSPHRASE		set privacy protocol pass phrase
  -Z BOOTS,TIME		set destination engine boots/time
General communication options
  -r RETRIES		set the number of retries
  -t TIMEOUT		set the request timeout (in seconds)
Debugging
  -d			dump input/output packets in hexadecimal
  -D TOKEN[,...]	turn on debugging output for the specified TOKENs
			   (ALL gives extremely verbose debugging output)
General options
  -m MIB[:...]		load given list of MIBs (ALL loads everything)
  -M DIR[:...]		look in given list of directories for MIBs
  -P MIBOPTS		Toggle various defaults controlling MIB parsing:
			  u:  allow the use of underlines in MIB symbols
			  c:  disallow the use of "--" to terminate comments
			  d:  save the DESCRIPTIONs of the MIB objects
			  e:  disable errors when MIB symbols conflict
			  w:  enable warnings when MIB symbols conflict
			  W:  enable detailed warnings when MIB symbols conflict
			  R:  replace MIB symbols from latest module
  -O OUTOPTS		Toggle various defaults controlling output display:
			  0:  print leading 0 for single-digit hex characters
			  a:  print all strings in ascii format
			  b:  do not break OID indexes down
			  e:  print enums numerically
			  E:  escape quotes in string indices
			  f:  print full OIDs on output
			  n:  print OIDs numerically
			  q:  quick print for easier parsing
			  Q:  quick print with equal-signs
			  s:  print only last symbolic element of OID
			  S:  print MIB module-id plus last element
			  t:  print timeticks unparsed as numeric integers
			  T:  print human-readable text along with hex strings
			  u:  print OIDs using UCD-style prefix suppression
			  U:  don't print units
			  v:  print values only (not OID = value)
			  x:  print all strings in hex format
			  X:  extended index format
  -I INOPTS		Toggle various defaults controlling input parsing:
			  b:  do best/regex matching to find a MIB node
			  h:  don't apply DISPLAY-HINTs
			  r:  do not check values for range/type legality
			  R:  do random access to OID labels
			  u:  top-level OIDs must have '.' prefix (UCD-style)
			  s SUFFIX:  Append all textual OIDs with SUFFIX before parsing
			  S PREFIX:  Prepend all textual OIDs with PREFIX before parsing
  -L LOGOPTS		Toggle various defaults controlling logging:
			  e:           log to standard error
			  o:           log to standard output
			  n:           don't log at all
			  f file:      log to the specified file
			  s facility:  log to syslog (via the specified facility)

			  (variants)
			  [EON] pri:   log to standard error, output or /dev/null for level 'pri' and above
			  [EON] p1-p2: log to standard error, output or /dev/null for levels 'p1' to 'p2'
			  [FS] pri token:    log to file/syslog for level 'pri' and above
			  [FS] p1-p2 token:  log to file/syslog for levels 'p1' to 'p2'
  -C APPOPTS		Set various application specific behaviours:
			  f:  do not fix errors and retry the request
