@@@@@@@@@@@@@@@@@@@@@@@@@@@@@@@@@@@@@@@@@@@@@@@@@@@@@@@@@@@@@@@@@@@@@@@@@@@
@@@  STEP 10 This is automation for the last discovered GT 2 Day List!  @@@
The Current Bash version 4.1.2(1)-release...
                 Mon Mar 30 14:22:56 CDT 2020 
                 Running Function #:  TwoDayListing       
@@@@@@@@@@@@@@@@@@@@@@@@@@@@@@@@@@@@@@@@@@@@@@@@@@@@@@@@@@@@@@@@@@@@@@@@@@@
SCRIPT_PATH     =  /home/smarts/TjsMYSCRIPTS
MYLOG           =  /home/smarts/TjsMYSCRIPTS/LOGS/TwoDayListingScript-20200330142256.log
MYtmpLOG        =  /tmp/TempScript-20200330142256.log
MYtmpINPUT_1    =  /tmp/last_discovery_gt_2days_rpt_20200330*
MYTmpOUTPUT_1   =  /tmp/Dev_Chkr_2day-20200330142256.log
@@@@@@@@@@@@@@@@@@@@@@@@@@@@@@@@@@@@@@@@@@@@@@@@@@@@@@@@@@@@@@@@@@@@@@
=================================================
=== BEGINNING OUTPUT FOR THE 2 DAY LIST      === 
@@@ THE FOLLOWING DEVICES WERE FOUND IN THE  @@@@
@@@          CURRENT 2 DAY LISTING:          @@@@
=================================================
MC1.LND18
MC1.LND6
MC13.LND6
MC13.LND9
MC16.LND6
MC3.LND6
MC9.LND6
MC11.FFT3
ME4.FFT3
VR1.TOR2
CIMC-SR1.RES
VP1.BUF4
BH1.LAX11
=================================================



 CURRENT SITE: VAL  ===================================================================================


 INVENTORY XML DATA  ==================================================================================

   XML Timestamp ................. : Sun Jun 23 22:36:03 2019
   LocationCode .................. : LND18
   Name .......................... : MC1.LND18
   Status ........................ : AVAILABLE
   Type .......................... : ROUTER
   Vendor ........................ : Cisco
   Model ......................... : 2511
   ManagementIPAddr .............. : 195.129.233.190
   DomainFlag .................... : VZB
   Region ........................ : Europe
   Device ........................ : MC1.LND18
   Configured to be in ........... : AMPM-VZB-DTM-1

 ORACLE :: VAL_TOPOLOGY_DEVICES  ======================================================================

   AMPM domain ................... : AMPM-VZB-DTM-1                                           (correct)
   TYPE .......................... : HOST
   SNMPADDRESS ................... : 195.129.233.190
   ACCESSMODE .................... : ICMPONLY
   CERTIFICATION ................. : UNDISCOVERED
   DISCOVEREDFIRSTAT ............. : 15-OCT-19
   DISCOVEREDLASTAT .............. : 25-MAR-20
   MANAGEDSTATE .................. : EXPLICITLY_MANAGED
   VENDOR ........................ : ''
   MODEL ......................... : ''
   NUMBEROFINTERFACES ............ : 1
   READCOMMUNITY ................. : ''
   SYSTEMOBJECTID ................ : ''
   DISCOVERYERRORINFO ............ : No response from Ping

 ORACLE :: PROXY CONNECTIONS  =========================================================================

   Proxy connections ............. : NONE FOUND

 ORACLE :: EQUIPMENT-LIST-LAST  =======================================================================

   Number of records ............. : 1                                                             (ok)
   NAME .......................... : MC1.LND18
   IP ............................ : 195.129.233.190
   LOCATION ...................... : LND18
   TID ........................... : MC1.LND18
   STATUS ........................ : AVAILABLE
   MODTIME ....................... : 23-JUN-2019 22:03

 ORACLE :: EXCEPTIONS  ================================================================================

   Number of records ............. : 0                                                             (ok)

 SMARTS DOMAIN :: AMPM-VZB-DTM-1  =====================================================================

   Server name ................... : dtm1eusosrv133.dtm.ops.eu.uu.net (213.68.123.56)
   IP Address .................... : 195.129.233.190                                               (ok)
   Certification ................. : UNDISCOVERED                                             (warning)
   Type .......................... : HOST
   CreationClassName ............. : Host
   AccessMode .................... : ICMPONLY
   ReadCommunity ................. : ''
   Vendor ........................ : ''
   Model ......................... : ''
   Location ...................... : ''
   IsManaged ..................... : TRUE
   IsProxy ....................... : FALSE
   IsDiscoveryInProgress ......... : FALSE
   IsEveryIPUnresponsive ......... : TRUE
   IsEveryIPv6Unresponsive ....... : TRUE
   IsEveryServiceUnresponsive .... : TRUE
   NumberOfInterfaces ............ : 1
   NumberOfPorts ................. : 0
   SystemObjectID ................ : ''
   DiscoveredFirstAt ............. : October 15, 2019 3:19:56 PM GMT+00:00
   DiscoveredLastAt .............. : March 25, 2020 3:52:31 PM GMT+00:00
   DiscoveryTime ................. : 0 00:00:20
   VZ_Alarms ..................... : 1
   VZ_DeviceFunction ............. : ''
   VZ_LocationCode ............... : ''
   VZ_Performance ................ : 0
   VZ_Region ..................... : ''
   VZ_TID ........................ : MC1.LND18
   DiscoveryError ................ : No response from Ping                                      (error)


 SMARTS VAL-SAM8-PRES DATA  ===========================================================================

   Exists in domains ............. : VAL-SAM8-AGG-VZB-INTL
                                   : RES-SAM8-AGG-VZB-INTL


   Active alarms ................. : ICS_Notification::NOTIFICATION-Host_MC1.LND18_Down

